2019-12-19 10:46:37,158 ERROR 31701 [-/127.0.0.1/-/2ms GET /news] nodejs.AssertionError: Can't find news/list.tpl from 
    at Map.resolve (/root/GitCode/egg/egg-sbs/node_modules/egg-view/lib/view_manager.js:74:5)
    at processTicksAndRejections (internal/process/task_queues.js:93:5)
    at async ContextView.[contextView#render] (/root/GitCode/egg/egg-sbs/node_modules/egg-view/lib/context_view.js:50:22)
    at async NewsController.list (/root/GitCode/egg/egg-sbs/app/controller/news.js:11:9)
generatedMessage: false
code: "ERR_ASSERTION"
actual: undefined
expected: true
operator: "=="
pid: 31701
hostname: vm05

2019-12-19 10:48:02,102 ERROR 31861 [-/127.0.0.1/-/2ms GET /news] nodejs.AssertionError: Can't find news/list.tpl from 
    at Map.resolve (/root/GitCode/egg/egg-sbs/node_modules/egg-view/lib/view_manager.js:74:5)
    at processTicksAndRejections (internal/process/task_queues.js:93:5)
    at async ContextView.[contextView#render] (/root/GitCode/egg/egg-sbs/node_modules/egg-view/lib/context_view.js:50:22)
    at async NewsController.list (/root/GitCode/egg/egg-sbs/app/controller/news.js:11:9)
generatedMessage: false
code: "ERR_ASSERTION"
actual: undefined
expected: true
operator: "=="
pid: 31861
hostname: vm05

2019-12-19 10:48:49,505 ERROR 31960 [-/192.168.11.164/-/4ms GET /news] nodejs.AssertionError: Can't find news/list.tpl from 
    at Map.resolve (/root/GitCode/egg/egg-sbs/node_modules/egg-view/lib/view_manager.js:74:5)
    at processTicksAndRejections (internal/process/task_queues.js:93:5)
    at async ContextView.[contextView#render] (/root/GitCode/egg/egg-sbs/node_modules/egg-view/lib/context_view.js:50:22)
    at async NewsController.list (/root/GitCode/egg/egg-sbs/app/controller/news.js:11:9)
generatedMessage: false
code: "ERR_ASSERTION"
actual: undefined
expected: true
operator: "=="
pid: 31960
hostname: vm05

2019-12-19 11:04:29,330 ERROR 1266 [-/127.0.0.1/-/5017ms GET /news] nodejs.ConnectionTimeoutError: Connect timeout for 5000ms, GET https://hacker-news.firebaseio.com/v0/topstories.json -2 (connected: false, keepalive socket: false, agent status: {"createSocketCount":1,"createSocketErrorCount":0,"closeSocketCount":1,"errorSocketCount":0,"timeoutSocketCount":0,"requestCount":0,"freeSockets":{},"sockets":{},"requests":{}}, socketHandledRequests: 1, socketHandledResponses: 0)
headers: {}
headers: {}
    at Timeout._onTimeout (/root/GitCode/egg/egg-sbs/node_modules/urllib/lib/urllib.js:926:15)
    at listOnTimeout (internal/timers.js:531:17)
    at processTimers (internal/timers.js:475:7)
name: "ConnectionTimeoutError"
requestId: 1
data: undefined
path: "/v0/topstories.json?orderBy=%22%24key%22&startAt=%220%22&endAt=%224%22"
status: -2
headers: {}
res: {"status":-2,"statusCode":-2,"statusMessage":null,"headers":{},"size":0,"aborted":false,"rt":5015,"keepAliveSocket":false,"requestUrls":["https://hacker-news.firebaseio.com/v0/topstories.json"],"timing":null,"remoteAddress":"35.201.97.85","remotePort":"","socketHandledRequests":1,"socketHandledResponses":0}
pid: 1266
hostname: vm05

2019-12-19 11:04:59,472 ERROR 1266 [-/127.0.0.1/-/5004ms GET /news] nodejs.ConnectionTimeoutError: Connect timeout for 5000ms, GET https://hacker-news.firebaseio.com/v0/topstories.json -2 (connected: false, keepalive socket: false, agent status: {"createSocketCount":2,"createSocketErrorCount":0,"closeSocketCount":2,"errorSocketCount":0,"timeoutSocketCount":0,"requestCount":0,"freeSockets":{},"sockets":{},"requests":{}}, socketHandledRequests: 1, socketHandledResponses: 0)
headers: {}
headers: {}
    at Timeout._onTimeout (/root/GitCode/egg/egg-sbs/node_modules/urllib/lib/urllib.js:926:15)
    at listOnTimeout (internal/timers.js:531:17)
    at processTimers (internal/timers.js:475:7)
name: "ConnectionTimeoutError"
requestId: 2
data: undefined
path: "/v0/topstories.json?orderBy=%22%24key%22&startAt=%220%22&endAt=%224%22"
status: -2
headers: {}
res: {"status":-2,"statusCode":-2,"statusMessage":null,"headers":{},"size":0,"aborted":false,"rt":5004,"keepAliveSocket":false,"requestUrls":["https://hacker-news.firebaseio.com/v0/topstories.json"],"timing":null,"remoteAddress":"35.201.97.85","remotePort":"","socketHandledRequests":1,"socketHandledResponses":0}
pid: 1266
hostname: vm05

2019-12-19 11:05:24,020 ERROR 1266 [-/127.0.0.1/-/5002ms GET /news] nodejs.ConnectionTimeoutError: Connect timeout for 5000ms, GET https://hacker-news.firebaseio.com/v0/topstories.json -2 (connected: false, keepalive socket: false, agent status: {"createSocketCount":3,"createSocketErrorCount":0,"closeSocketCount":3,"errorSocketCount":0,"timeoutSocketCount":0,"requestCount":0,"freeSockets":{},"sockets":{},"requests":{}}, socketHandledRequests: 1, socketHandledResponses: 0)
headers: {}
headers: {}
    at Timeout._onTimeout (/root/GitCode/egg/egg-sbs/node_modules/urllib/lib/urllib.js:926:15)
    at listOnTimeout (internal/timers.js:531:17)
    at processTimers (internal/timers.js:475:7)
name: "ConnectionTimeoutError"
requestId: 3
data: undefined
path: "/v0/topstories.json?orderBy=%22%24key%22&startAt=%220%22&endAt=%224%22"
status: -2
headers: {}
res: {"status":-2,"statusCode":-2,"statusMessage":null,"headers":{},"size":0,"aborted":false,"rt":5002,"keepAliveSocket":false,"requestUrls":["https://hacker-news.firebaseio.com/v0/topstories.json"],"timing":null,"remoteAddress":"35.201.97.85","remotePort":"","socketHandledRequests":1,"socketHandledResponses":0}
pid: 1266
hostname: vm05

2019-12-19 15:43:13,308 ERROR 32659 [-/127.0.0.1/-/5030ms GET /news] nodejs.ConnectionTimeoutError: Connect timeout for 5000ms, GET https://hacker-news.firebaseio.com/v0/topstories.json -2 (connected: false, keepalive socket: false, agent status: {"createSocketCount":1,"createSocketErrorCount":0,"closeSocketCount":1,"errorSocketCount":0,"timeoutSocketCount":0,"requestCount":0,"freeSockets":{},"sockets":{},"requests":{}}, socketHandledRequests: 1, socketHandledResponses: 0)
headers: {}
headers: {}
    at Timeout._onTimeout (/root/GitCode/egg/egg-sbs/node_modules/urllib/lib/urllib.js:926:15)
    at listOnTimeout (internal/timers.js:531:17)
    at processTimers (internal/timers.js:475:7)
name: "ConnectionTimeoutError"
requestId: 1
data: undefined
path: "/v0/topstories.json?orderBy=%22%24key%22&startAt=%220%22&endAt=%224%22"
status: -2
headers: {}
res: {"status":-2,"statusCode":-2,"statusMessage":null,"headers":{},"size":0,"aborted":false,"rt":5026,"keepAliveSocket":false,"requestUrls":["https://hacker-news.firebaseio.com/v0/topstories.json"],"timing":null,"remoteAddress":"35.201.97.85","remotePort":"","socketHandledRequests":1,"socketHandledResponses":0}
pid: 32659
hostname: vm05

2019-12-20 12:55:56,968 ERROR 4321 [-/undefined/-/5031ms GET /news] nodejs.ConnectionTimeoutError: Connect timeout for 5000ms, GET https://hacker-news.firebaseio.com/v0/topstories.json -2 (connected: false, keepalive socket: false, agent status: {"createSocketCount":2,"createSocketErrorCount":0,"closeSocketCount":1,"errorSocketCount":0,"timeoutSocketCount":0,"requestCount":0,"freeSockets":{},"sockets":{"hacker-news.firebaseio.com:443::::::::::::::::::":1},"requests":{}}, socketHandledRequests: 1, socketHandledResponses: 0)
headers: {}
headers: {}
    at Timeout._onTimeout (/root/GitCode/egg/egg-sbs/node_modules/urllib/lib/urllib.js:926:15)
    at listOnTimeout (internal/timers.js:531:17)
    at processTimers (internal/timers.js:475:7)
name: "ConnectionTimeoutError"
requestId: 1
data: undefined
path: "/v0/topstories.json?orderBy=%22%24key%22&startAt=%220%22&endAt=%224%22"
status: -2
headers: {}
res: {"status":-2,"statusCode":-2,"statusMessage":null,"headers":{},"size":0,"aborted":false,"rt":5027,"keepAliveSocket":false,"requestUrls":["https://hacker-news.firebaseio.com/v0/topstories.json"],"timing":null,"remoteAddress":"35.201.97.85","remotePort":"","socketHandledRequests":1,"socketHandledResponses":0}
headerSent: true
pid: 4321
hostname: vm05

2019-12-20 12:55:59,325 ERROR 4321 [-/127.0.0.1/-/5005ms GET /news] nodejs.ConnectionTimeoutError: Connect timeout for 5000ms, GET https://hacker-news.firebaseio.com/v0/topstories.json -2 (connected: false, keepalive socket: false, agent status: {"createSocketCount":2,"createSocketErrorCount":0,"closeSocketCount":2,"errorSocketCount":0,"timeoutSocketCount":0,"requestCount":0,"freeSockets":{},"sockets":{},"requests":{}}, socketHandledRequests: 1, socketHandledResponses: 0)
headers: {}
headers: {}
    at Timeout._onTimeout (/root/GitCode/egg/egg-sbs/node_modules/urllib/lib/urllib.js:926:15)
    at listOnTimeout (internal/timers.js:531:17)
    at processTimers (internal/timers.js:475:7)
name: "ConnectionTimeoutError"
requestId: 2
data: undefined
path: "/v0/topstories.json?orderBy=%22%24key%22&startAt=%220%22&endAt=%224%22"
status: -2
headers: {}
res: {"status":-2,"statusCode":-2,"statusMessage":null,"headers":{},"size":0,"aborted":false,"rt":5005,"keepAliveSocket":false,"requestUrls":["https://hacker-news.firebaseio.com/v0/topstories.json"],"timing":null,"remoteAddress":"35.201.97.85","remotePort":"","socketHandledRequests":1,"socketHandledResponses":0}
pid: 4321
hostname: vm05

